#
# There is insufficient memory for the Java Runtime Environment to continue.
# Native memory allocation (malloc) failed to allocate 32744 bytes for ChunkPool::allocate
# Possible reasons:
#   The system is out of physical RAM or swap space
#   In 32 bit mode, the process size limit was hit
# Possible solutions:
#   Reduce memory load on the system
#   Increase physical memory or swap space
#   Check if swap backing store is full
#   Use 64 bit Java on a 64 bit OS
#   Decrease Java heap size (-Xmx/-Xms)
#   Decrease number of Java threads
#   Decrease Java thread stack sizes (-Xss)
#   Set larger code cache with -XX:ReservedCodeCacheSize=
# This output file may be truncated or incomplete.
#
#  Out of Memory Error (allocation.cpp:273), pid=3824, tid=0x0000000000002f40
#
# JRE version: Java(TM) SE Runtime Environment (8.0_161-b12) (build 1.8.0_161-b12)
# Java VM: Java HotSpot(TM) 64-Bit Server VM (25.161-b12 mixed mode windows-amd64 compressed oops)
# Failed to write core dump. Minidumps are not enabled by default on client versions of Windows
#

---------------  T H R E A D  ---------------

Current thread (0x0000000018963800):  JavaThread "C1 CompilerThread2" daemon [_thread_in_native, id=12096, stack(0x00000000191a0000,0x00000000192a0000)]

Stack: [0x00000000191a0000,0x00000000192a0000]
[error occurred during error reporting (printing stack bounds), id 0xc0000005]

Native frames: (J=compiled Java code, j=interpreted, Vv=VM code, C=native code)


Current CompileTask:
C1:    515   72       3      
[error occurred during error reporting (printing current compile task), id 0xe0000001]


---------------  P R O C E S S  ---------------

Java Threads: ( => current thread )
  0x00000000189bb000 JavaThread "Service Thread" daemon [_thread_blocked, id=14860, stack(0x00000000192a0000,0x00000000193a0000)]
=>0x0000000018963800 JavaThread "C1 CompilerThread2" daemon [_thread_in_native, id=12096, stack(0x00000000191a0000,0x00000000192a0000)]
  0x000000001895a000 JavaThread "C2 CompilerThread1" daemon [_thread_blocked, id=12356, stack(0x00000000190a0000,0x00000000191a0000)]
  0x00000000188fb000 JavaThread "C2 CompilerThread0" daemon [_thread_blocked, id=4608, stack(0x0000000018fa0000,0x00000000190a0000)]
  0x000000001890b000 JavaThread "Monitor Ctrl-Break" daemon [_thread_in_native, id=16032, stack(0x0000000018ea0000,0x0000000018fa0000)]
  0x000000001759b800 JavaThread "Attach Listener" daemon [_thread_blocked, id=17588, stack(0x0000000018da0000,0x0000000018ea0000)]
  0x00000000188a8800 JavaThread "Signal Dispatcher" daemon [_thread_blocked, id=16408, stack(0x0000000018ca0000,0x0000000018da0000)]
  0x0000000002a1d000 JavaThread "Finalizer" daemon [_thread_blocked, id=1916, stack(0x00000000187a0000,0x00000000188a0000)]
  0x0000000017509000 JavaThread "Reference Handler" daemon [_thread_blocked, id=9316, stack(0x00000000186a0000,0x00000000187a0000)]
  0x0000000002923800 JavaThread "main" [_thread_in_native, id=10260, stack(0x0000000002640000,0x0000000002740000)]

Other Threads:
  0x0000000017508000 VMThread [stack: 0x00000000185a0000,0x00000000186a0000] [id=16092]
  0x00000000189dd800 WatcherThread [stack: 0x00000000193a0000,0x00000000194a0000] [id=17676]

VM state:not at safepoint (normal execution)

VM Mutex/Monitor currently owned by a thread: None

Heap:
 PSYoungGen      total 38400K, used 4697K [0x00000000d5f80000, 0x00000000d8a00000, 0x0000000100000000)
  eden space 33280K, 14% used [0x00000000d5f80000,0x00000000d64165d0,0x00000000d8000000)
  from space 5120K, 0% used [0x00000000d8500000,0x00000000d8500000,0x00000000d8a00000)
  to   space 5120K, 0% used [0x00000000d8000000,0x00000000d8000000,0x00000000d8500000)
 ParOldGen       total 87552K, used 0K [0x0000000081e00000, 0x0000000087380000, 0x00000000d5f80000)
  object space 87552K, 0% used [0x0000000081e00000,0x0000000081e00000,0x0000000087380000)
 Metaspace       used 4346K, capacity 4744K, committed 4864K, reserved 1056768K
  class space    used 470K, capacity 496K, committed 512K, reserved 1048576K

Card table byte_map: [0x0000000011de0000,0x00000000121e0000] byte_map_base: 0x00000000119d1000

Marking Bits: (ParMarkBitMap*) 0x000000005c3bf860
 Begin Bits: [0x0000000012890000, 0x0000000014818000)
 End Bits:   [0x0000000014818000, 0x00000000167a0000)

Polling page: 0x0000000000960000

CodeCache: size=245760Kb used=1211Kb max_used=1223Kb free=244548Kb
 bounds [0x0000000002a20000, 0x0000000002c90000, 0x0000000011a20000]
 total_blobs=351 nmethods=71 adapters=193
 compilation: enabled

Compilation events (10 events):
Event: 0.495 Thread 0x0000000018963800 nmethod 67 0x0000000002b4d990 code [0x0000000002b4db20, 0x0000000002b4dec8]
Event: 0.495 Thread 0x0000000018963800   68       3       java.lang.String::<init> (10 bytes)
Event: 0.496 Thread 0x0000000018963800 nmethod 68 0x0000000002b4e050 code [0x0000000002b4e1a0, 0x0000000002b4e370]
Event: 0.496 Thread 0x0000000018963800   69       1       java.io.File::getPath (5 bytes)
Event: 0.496 Thread 0x0000000018963800 nmethod 69 0x0000000002b4e410 code [0x0000000002b4e560, 0x0000000002b4e670]
Event: 0.497 Thread 0x0000000018963800   70       3       java.nio.Buffer::position (43 bytes)
Event: 0.497 Thread 0x0000000018963800 nmethod 70 0x0000000002b4e6d0 code [0x0000000002b4e840, 0x0000000002b4eb08]
Event: 0.499 Thread 0x00000000188fb000   71       4       java.lang.String::indexOf (70 bytes)
Event: 0.501 Thread 0x0000000018963800   72       3       sun.nio.cs.UTF_8$Decoder::decodeArrayLoop (691 bytes)
Event: 0.502 Thread 0x00000000188fb000 nmethod 71 0x0000000002b51990 code [0x0000000002b51ae0, 0x0000000002b51c98]

GC Heap History (0 events):
No events

Deoptimization events (0 events):
No events

Classes redefined (0 events):
No events

Internal exceptions (10 events):
Event: 0.085 Thread 0x0000000002923800 Exception <a 'java/lang/NoSuchMethodError': Method sun.misc.Unsafe.defineClass(Ljava/lang/String;[BII)Ljava/lang/Class; name or signature does not match> (0x00000000d5f87ca0) thrown at [C:\re\workspace\8-2-build-windows-amd64-cygwin\jdk8u161\10277\hotspot
Event: 0.085 Thread 0x0000000002923800 Exception <a 'java/lang/NoSuchMethodError': Method sun.misc.Unsafe.prefetchRead(Ljava/lang/Object;J)V name or signature does not match> (0x00000000d5f87f88) thrown at [C:\re\workspace\8-2-build-windows-amd64-cygwin\jdk8u161\10277\hotspot\src\share\vm\prim
Event: 0.288 Thread 0x0000000002923800 Exception <a 'java/security/PrivilegedActionException'> (0x00000000d60cc578) thrown at [C:\re\workspace\8-2-build-windows-amd64-cygwin\jdk8u161\10277\hotspot\src\share\vm\prims\jvm.cpp, line 1390]
Event: 0.288 Thread 0x0000000002923800 Exception <a 'java/security/PrivilegedActionException'> (0x00000000d60cc970) thrown at [C:\re\workspace\8-2-build-windows-amd64-cygwin\jdk8u161\10277\hotspot\src\share\vm\prims\jvm.cpp, line 1390]
Event: 0.291 Thread 0x0000000002923800 Exception <a 'java/security/PrivilegedActionException'> (0x00000000d60d0c80) thrown at [C:\re\workspace\8-2-build-windows-amd64-cygwin\jdk8u161\10277\hotspot\src\share\vm\prims\jvm.cpp, line 1390]
Event: 0.291 Thread 0x0000000002923800 Exception <a 'java/security/PrivilegedActionException'> (0x00000000d60d1078) thrown at [C:\re\workspace\8-2-build-windows-amd64-cygwin\jdk8u161\10277\hotspot\src\share\vm\prims\jvm.cpp, line 1390]
Event: 0.506 Thread 0x0000000002923800 Exception <a 'java/lang/OutOfMemoryError'> (0x00000000d63347b8) thrown at [C:\re\workspace\8-2-build-windows-amd64-cygwin\jdk8u161\10277\hotspot\src\share\vm\prims\jni.cpp, line 735]
Event: 0.506 Thread 0x0000000002923800 Exception <a 'java/lang/OutOfMemoryError'> (0x00000000d63347b8) thrown at [C:\re\workspace\8-2-build-windows-amd64-cygwin\jdk8u161\10277\hotspot\src\share\vm\prims\jvm.cpp, line 1394]
Event: 0.506 Thread 0x0000000002923800 Exception <a 'java/lang/OutOfMemoryError'> (0x00000000d63347b8) thrown at [C:\re\workspace\8-2-build-windows-amd64-cygwin\jdk8u161\10277\hotspot\src\share\vm\prims\jvm.cpp, line 1394]
Event: 0.506 Thread 0x0000000002923800 Exception <a 'java/lang/OutOfMemoryError'> (0x00000000d63347b8) thrown at [C:\re\workspace\8-2-build-windows-amd64-cygwin\jdk8u161\10277\hotspot\src\share\vm\prims\jvm.cpp, line 1394]

Events (10 events):
Event: 0.475 loading class java/lang/SecurityException done
Event: 0.476 loading class java/lang/Void
Event: 0.476 loading class java/lang/Void done
Event: 0.477 loading class com/intellij/rt/execution/junit/RepeatCount
Event: 0.477 loading class com/intellij/rt/execution/junit/RepeatCount done
Event: 0.478 loading class java/lang/NumberFormatException
Event: 0.478 loading class java/lang/NumberFormatException done
Event: 0.478 loading class org/junit/Test
Event: 0.478 loading class org/junit/Test done
Event: 0.506 loading class java/lang/Throwable$WrappedPrintStream


Dynamic libraries:
0x00007ff7b47e0000 - 0x00007ff7b4817000 	C:\Program Files\Java\jdk1.8.0_161\bin\java.exe
0x00007ffd6afe0000 - 0x00007ffd6b18d000 	C:\windows\SYSTEM32\ntdll.dll
0x00007ffd6ac10000 - 0x00007ffd6ad4f000 	C:\windows\system32\KERNEL32.DLL
0x00007ffd68310000 - 0x00007ffd68426000 	C:\windows\system32\KERNELBASE.dll
0x00007ffd66cd0000 - 0x00007ffd66d5e000 	C:\windows\system32\apphelp.dll
0x00007ffd44730000 - 0x00007ffd44783000 	C:\windows\AppPatch\AppPatch64\AcGenral.DLL
0x00007ffd6a7a0000 - 0x00007ffd6a84a000 	C:\windows\system32\msvcrt.dll
0x00007ffd681e0000 - 0x00007ffd6820e000 	C:\windows\system32\SspiCli.dll
0x00007ffd68ca0000 - 0x00007ffd68cf4000 	C:\windows\system32\SHLWAPI.dll
0x00007ffd6aa80000 - 0x00007ffd6abf7000 	C:\windows\system32\USER32.dll
0x00007ffd68b00000 - 0x00007ffd68c94000 	C:\windows\system32\ole32.dll
0x00007ffd691b0000 - 0x00007ffd6a6db000 	C:\windows\system32\SHELL32.dll
0x00007ffd67750000 - 0x00007ffd67771000 	C:\windows\SYSTEM32\USERENV.dll
0x00007ffd68d60000 - 0x00007ffd68e0a000 	C:\windows\system32\ADVAPI32.dll
0x00007ffd4d6e0000 - 0x00007ffd4d6fe000 	C:\windows\SYSTEM32\MPR.dll
0x00007ffd68670000 - 0x00007ffd687b0000 	C:\windows\system32\RPCRT4.dll
0x00007ffd6aa20000 - 0x00007ffd6aa79000 	C:\windows\SYSTEM32\sechost.dll
0x00007ffd68fa0000 - 0x00007ffd691b0000 	C:\windows\SYSTEM32\combase.dll
0x00007ffd687d0000 - 0x00007ffd6891c000 	C:\windows\system32\GDI32.dll
0x00007ffd68110000 - 0x00007ffd68125000 	C:\windows\SYSTEM32\profapi.dll
0x00007ffd666a0000 - 0x00007ffd66752000 	C:\windows\SYSTEM32\SHCORE.dll
0x00007ffd68e10000 - 0x00007ffd68e46000 	C:\windows\system32\IMM32.DLL
0x00007ffd6ae10000 - 0x00007ffd6af62000 	C:\windows\system32\MSCTF.dll
0x00007ffd65d80000 - 0x00007ffd65ffb000 	C:\windows\WinSxS\amd64_microsoft.windows.common-controls_6595b64144ccf1df_6.0.9600.19394_none_62486577ecb635cf\COMCTL32.dll
0x000000005c440000 - 0x000000005c512000 	C:\Program Files\Java\jdk1.8.0_161\jre\bin\msvcr100.dll
0x000000005bba0000 - 0x000000005c43f000 	C:\Program Files\Java\jdk1.8.0_161\jre\bin\server\jvm.dll
0x00007ffd62e20000 - 0x00007ffd62e29000 	C:\windows\SYSTEM32\WSOCK32.dll
0x00007ffd618a0000 - 0x00007ffd618c2000 	C:\windows\SYSTEM32\WINMM.dll
0x00007ffd638a0000 - 0x00007ffd638aa000 	C:\windows\SYSTEM32\VERSION.dll
0x00007ffd6ac00000 - 0x00007ffd6ac07000 	C:\windows\system32\PSAPI.DLL
0x00007ffd68e50000 - 0x00007ffd68eaa000 	C:\windows\system32\WS2_32.dll
0x00007ffd61870000 - 0x00007ffd6189a000 	C:\windows\SYSTEM32\WINMMBASE.dll
0x00007ffd687c0000 - 0x00007ffd687c9000 	C:\windows\system32\NSI.dll
0x00007ffd68210000 - 0x00007ffd6825f000 	C:\windows\SYSTEM32\cfgmgr32.dll
0x00007ffd66f20000 - 0x00007ffd66f48000 	C:\windows\SYSTEM32\DEVOBJ.dll
0x000000005bb90000 - 0x000000005bb9f000 	C:\Program Files\Java\jdk1.8.0_161\jre\bin\verify.dll
0x000000005bb60000 - 0x000000005bb89000 	C:\Program Files\Java\jdk1.8.0_161\jre\bin\java.dll
0x000000005bac0000 - 0x000000005bae3000 	C:\Program Files\Java\jdk1.8.0_161\jre\bin\instrument.dll
0x000000005bb10000 - 0x000000005bb26000 	C:\Program Files\Java\jdk1.8.0_161\jre\bin\zip.dll
0x00007ffd49c00000 - 0x00007ffd49c1a000 	D:\IntelliJ IDEA Community Edition 2020.3.2\bin\breakgen64.dll
0x000000005bb40000 - 0x000000005bb5a000 	C:\Program Files\Java\jdk1.8.0_161\jre\bin\net.dll
0x00007ffd67a10000 - 0x00007ffd67a69000 	C:\windows\system32\mswsock.dll

VM Arguments:
jvm_args: -ea -javaagent:C:\Users\Cui\AppData\Local\JetBrains\IdeaIC2020.3\testAgent\intellij-coverage-agent-1.0.573.jar=C:\Users\Cui\AppData\Local\Temp\coverageargs -Didea.test.cyclic.buffer.size=1048576 -javaagent:D:\IntelliJ IDEA Community Edition 2020.3.2\lib\idea_rt.jar=51578:D:\IntelliJ IDEA Community Edition 2020.3.2\bin -Dfile.encoding=UTF-8 
java_command: com.intellij.rt.junit.JUnitStarter -ideVersion5 -junit4 cm.CUIZheTestTask1
java_class_path (initial): D:\IntelliJ IDEA Community Edition 2020.3.2\lib\idea_rt.jar;D:\IntelliJ IDEA Community Edition 2020.3.2\plugins\junit\lib\junit5-rt.jar;D:\IntelliJ IDEA Community Edition 2020.3.2\plugins\junit\lib\junit-rt.jar;C:\Program Files\Java\jdk1.8.0_161\jre\lib\charsets.jar;C:\Program Files\Java\jdk1.8.0_161\jre\lib\deploy.jar;C:\Program Files\Java\jdk1.8.0_161\jre\lib\ext\access-bridge-64.jar;C:\Program Files\Java\jdk1.8.0_161\jre\lib\ext\cldrdata.jar;C:\Program Files\Java\jdk1.8.0_161\jre\lib\ext\dnsns.jar;C:\Program Files\Java\jdk1.8.0_161\jre\lib\ext\jaccess.jar;C:\Program Files\Java\jdk1.8.0_161\jre\lib\ext\jfxrt.jar;C:\Program Files\Java\jdk1.8.0_161\jre\lib\ext\localedata.jar;C:\Program Files\Java\jdk1.8.0_161\jre\lib\ext\nashorn.jar;C:\Program Files\Java\jdk1.8.0_161\jre\lib\ext\sunec.jar;C:\Program Files\Java\jdk1.8.0_161\jre\lib\ext\sunjce_provider.jar;C:\Program Files\Java\jdk1.8.0_161\jre\lib\ext\sunmscapi.jar;C:\Program Files\Java\jdk1.8.0_161\jre\lib\ext\sunpkcs11.jar;C:\Program Files\Java\jdk1.8.0_161\jre\lib\ext\zipfs.jar;C:\Program Files\Java\jdk1.8.0_161\jre\lib\javaws.jar;C:\Program Files\Java\jdk1.8.0_161\jre\lib\jce.jar;C:\Program Files\Java\jdk1.8.0_161\jre\lib\jfr.jar;C:\Program Files\Java\jdk1.8.0_161\jre\lib\jfxswt.jar;C:\Program Files\Java\jdk1.8.0_161\jre\lib\jsse.jar;C:\Program Files\Java\jdk1.8.0_161\jre\lib\management-agent.jar;C:\Program Files\Java\jdk1.8.0_161\jre\lib\plugin.jar;C:\Program Files\Java\jdk1.8.0_161\jre\lib\resources.jar;C:\Program Files\Java\jdk1.8.0_161\jre\lib\rt.jar;D:\CUIZheTestTask1\out\production\CUIZheTestTask1;D:\CUIZheTestTask1\lib\junit-4.12.jar;D:\CUIZheTestTask1\lib\hamcrest-core-1.3.jar;C:\Users\Cui\AppData\Local\JetBrains\IdeaIC2020.3\testAgent\intellij-coverage-agent-1.0.573.jar;D:\IntelliJ IDEA Community Edition 2020.3.2\lib\idea_rt.jar
Launcher Type: SUN_STANDARD

Environment Variables:
PATH=D:\anaconda3;D:\anaconda3\Library\mingw-w64\bin;D:\anaconda3\Library\usr\bin;D:\anaconda3\Library\bin;D:\anaconda3\Scripts;C:\windows\system32;C:\windows;C:\windows\System32\Wbem; D:\anaconda\install\Scripts;C:\windows\system32;C:\windows;C:\windows\System32\Wbem;D:\PyCharm Community Edition 2020.3.3\bin;;D:\IntelliJ IDEA Community Edition 2020.3.2\bin;;D:\Microsoft VS Code\bin
USERNAME=Cui
OS=Windows_NT
PROCESSOR_IDENTIFIER=Intel64 Family 6 Model 61 Stepping 4, GenuineIntel



---------------  S Y S T E M  ---------------

OS: Windows 8.1 , 64 bit Build 9600 (6.3.9600.19358)

CPU:total 4 (initial active 4) (2 cores per cpu, 2 threads per core) family 6 model 61 stepping 4, cmov, cx8, fxsr, mmx, sse, sse2, sse3, ssse3, sse4.1, sse4.2, popcnt, avx, avx2, aes, clmul, erms, 3dnowpref, lzcnt, ht, tsc, tscinvbit, bmi1, bmi2, adx

Memory: 4k page, physical 8265012k(937616k free), swap 8265012k(4928k free)

vm_info: Java HotSpot(TM) 64-Bit Server VM (25.161-b12) for windows-amd64 JRE (1.8.0_161-b12), built on Dec 19 2017 17:52:25 by "java_re" with MS VC++ 10.0 (VS2010)

time: Tue Mar 02 20:24:46 2021
elapsed time: 0 seconds (0d 0h 0m 0s)

